#
# There is insufficient memory for the Java Runtime Environment to continue.
# Native memory allocation (malloc) failed to allocate 1048576 bytes for AllocateHeap
# Possible reasons:
#   The system is out of physical RAM or swap space
#   In 32 bit mode, the process size limit was hit
# Possible solutions:
#   Reduce memory load on the system
#   Increase physical memory or swap space
#   Check if swap backing store is full
#   Use 64 bit Java on a 64 bit OS
#   Decrease Java heap size (-Xmx/-Xms)
#   Decrease number of Java threads
#   Decrease Java thread stack sizes (-Xss)
#   Set larger code cache with -XX:ReservedCodeCacheSize=
# This output file may be truncated or incomplete.
#
#  Out of Memory Error (memory/allocation.inline.hpp:61), pid=17068, tid=0x0000000000001754
#
# JRE version:  (8.0_131-b11) (build )
# Java VM: Java HotSpot(TM) 64-Bit Server VM (25.131-b11 mixed mode windows-amd64 compressed oops)
# Failed to write core dump. Minidumps are not enabled by default on client versions of Windows
#

---------------  T H R E A D  ---------------

Current thread (0x0000000003077000):  JavaThread "Unknown thread" [_thread_in_vm, id=5972, stack(0x0000000002ea0000,0x0000000002fa0000)]

Stack: [0x0000000002ea0000,0x0000000002fa0000]
[error occurred during error reporting (printing stack bounds), id 0xc0000005]

Native frames: (J=compiled Java code, j=interpreted, Vv=VM code, C=native code)


---------------  P R O C E S S  ---------------

Java Threads: ( => current thread )

Other Threads:

=>0x0000000003077000 (exited) JavaThread "Unknown thread" [_thread_in_vm, id=5972, stack(0x0000000002ea0000,0x0000000002fa0000)]

VM state:not at safepoint (normal execution)

VM Mutex/Monitor currently owned by a thread: None

Heap:
 PSYoungGen      total 75776K, used 1300K [0x000000076b700000, 0x0000000770b80000, 0x00000007c0000000)
  eden space 65024K, 2% used [0x000000076b700000,0x000000076b8451f8,0x000000076f680000)
  from space 10752K, 0% used [0x0000000770100000,0x0000000770100000,0x0000000770b80000)
  to   space 10752K, 0% used [0x000000076f680000,0x000000076f680000,0x0000000770100000)
 ParOldGen       total 173568K, used 0K [0x00000006c2400000, 0x00000006ccd80000, 0x000000076b700000)
  object space 173568K, 0% used [0x00000006c2400000,0x00000006c2400000,0x00000006ccd80000)
 Metaspace       used 770K, capacity 4480K, committed 4480K, reserved 1056768K
  class space    used 75K, capacity 384K, committed 384K, reserved 1048576K

Card table byte_map: [0x0000000012630000,0x0000000012e20000] byte_map_base: 0x000000000f01e000

Marking Bits: (ParMarkBitMap*) 0x00000000562ec720
 Begin Bits: [0x0000000013d70000, 0x0000000017ce0000)
 End Bits:   [0x0000000017ce0000, 0x000000001bc50000)

Polling page: 0x0000000000f80000

CodeCache: size=245760Kb used=328Kb max_used=328Kb free=245431Kb
 bounds [0x0000000003270000, 0x00000000034e0000, 0x0000000012270000]
 total_blobs=58 nmethods=0 adapters=38
 compilation: enabled

Compilation events (0 events):
No events

GC Heap History (0 events):
No events

Deoptimization events (0 events):
No events

Internal exceptions (0 events):
No events

Events (10 events):
Event: 0.022 loading class java/lang/Short
Event: 0.022 loading class java/lang/Short done
Event: 0.022 loading class java/lang/Integer
Event: 0.022 loading class java/lang/Integer done
Event: 0.022 loading class java/lang/Long
Event: 0.022 loading class java/lang/Long done
Event: 0.023 loading class java/lang/NullPointerException
Event: 0.023 loading class java/lang/NullPointerException done
Event: 0.023 loading class java/lang/ArithmeticException
Event: 0.023 loading class java/lang/ArithmeticException done


Dynamic libraries:
0x00007ff74d540000 - 0x00007ff74d577000 	D:\JavaDevTools\jdk\jdk1.8.0_131\bin\java.exe
0x00007ffde06d0000 - 0x00007ffde08c8000 	C:\Windows\SYSTEM32\ntdll.dll
0x00007ffddf9f0000 - 0x00007ffddfaaf000 	C:\Windows\System32\KERNEL32.DLL
0x00007ffdde410000 - 0x00007ffdde6e2000 	C:\Windows\System32\KERNELBASE.dll
0x00007ffde0390000 - 0x00007ffde043e000 	C:\Windows\System32\ADVAPI32.dll
0x00007ffddf4f0000 - 0x00007ffddf58e000 	C:\Windows\System32\msvcrt.dll
0x00007ffddf120000 - 0x00007ffddf1bc000 	C:\Windows\System32\sechost.dll
0x00007ffddf790000 - 0x00007ffddf8b5000 	C:\Windows\System32\RPCRT4.dll
0x00007ffdde7d0000 - 0x00007ffdde96d000 	C:\Windows\System32\USER32.dll
0x00007ffdde2f0000 - 0x00007ffdde312000 	C:\Windows\System32\win32u.dll
0x00007ffddf300000 - 0x00007ffddf32b000 	C:\Windows\System32\GDI32.dll
0x00007ffddddd0000 - 0x00007ffdddedf000 	C:\Windows\System32\gdi32full.dll
0x00007ffdde370000 - 0x00007ffdde40d000 	C:\Windows\System32\msvcp_win.dll
0x00007ffdde160000 - 0x00007ffdde260000 	C:\Windows\System32\ucrtbase.dll
0x00007ffdc4630000 - 0x00007ffdc48ca000 	C:\Windows\WinSxS\amd64_microsoft.windows.common-controls_6595b64144ccf1df_6.0.19041.1110_none_60b5254171f9507e\COMCTL32.dll
0x00007ffddf750000 - 0x00007ffddf782000 	C:\Windows\System32\IMM32.DLL
0x0000000056370000 - 0x0000000056442000 	D:\JavaDevTools\jdk\jdk1.8.0_131\jre\bin\msvcr100.dll
0x0000000055ad0000 - 0x000000005636c000 	D:\JavaDevTools\jdk\jdk1.8.0_131\jre\bin\server\jvm.dll
0x00007ffde0560000 - 0x00007ffde0568000 	C:\Windows\System32\PSAPI.DLL
0x00007ffdc5da0000 - 0x00007ffdc5da9000 	C:\Windows\SYSTEM32\WSOCK32.dll
0x00007ffdd7df0000 - 0x00007ffdd7dfa000 	C:\Windows\SYSTEM32\VERSION.dll
0x00007ffdc9820000 - 0x00007ffdc9847000 	C:\Windows\SYSTEM32\WINMM.dll
0x00007ffde0620000 - 0x00007ffde068b000 	C:\Windows\System32\WS2_32.dll
0x0000000056cb0000 - 0x0000000056cbf000 	D:\JavaDevTools\jdk\jdk1.8.0_131\jre\bin\verify.dll
0x0000000056c80000 - 0x0000000056ca9000 	D:\JavaDevTools\jdk\jdk1.8.0_131\jre\bin\java.dll
0x0000000056f00000 - 0x0000000056f23000 	D:\JavaDevTools\jdk\jdk1.8.0_131\jre\bin\instrument.dll
0x0000000055ab0000 - 0x0000000055ac6000 	D:\JavaDevTools\jdk\jdk1.8.0_131\jre\bin\zip.dll

VM Arguments:
jvm_args: -javaagent:D:\JavaDevTools\idea\IntelliJ IDEA 2019.3.5\lib\idea_rt.jar=50626:D:\JavaDevTools\idea\IntelliJ IDEA 2019.3.5\bin -Dfile.encoding=UTF-8 
java_command: com.xxxx.seckill.utils.UserUtils
java_class_path (initial): D:\JavaDevTools\jdk\jdk1.8.0_131\jre\lib\charsets.jar;D:\JavaDevTools\jdk\jdk1.8.0_131\jre\lib\deploy.jar;D:\JavaDevTools\jdk\jdk1.8.0_131\jre\lib\ext\access-bridge-64.jar;D:\JavaDevTools\jdk\jdk1.8.0_131\jre\lib\ext\cldrdata.jar;D:\JavaDevTools\jdk\jdk1.8.0_131\jre\lib\ext\dnsns.jar;D:\JavaDevTools\jdk\jdk1.8.0_131\jre\lib\ext\jaccess.jar;D:\JavaDevTools\jdk\jdk1.8.0_131\jre\lib\ext\jfxrt.jar;D:\JavaDevTools\jdk\jdk1.8.0_131\jre\lib\ext\localedata.jar;D:\JavaDevTools\jdk\jdk1.8.0_131\jre\lib\ext\nashorn.jar;D:\JavaDevTools\jdk\jdk1.8.0_131\jre\lib\ext\sunec.jar;D:\JavaDevTools\jdk\jdk1.8.0_131\jre\lib\ext\sunjce_provider.jar;D:\JavaDevTools\jdk\jdk1.8.0_131\jre\lib\ext\sunmscapi.jar;D:\JavaDevTools\jdk\jdk1.8.0_131\jre\lib\ext\sunpkcs11.jar;D:\JavaDevTools\jdk\jdk1.8.0_131\jre\lib\ext\zipfs.jar;D:\JavaDevTools\jdk\jdk1.8.0_131\jre\lib\javaws.jar;D:\JavaDevTools\jdk\jdk1.8.0_131\jre\lib\jce.jar;D:\JavaDevTools\jdk\jdk1.8.0_131\jre\lib\jfr.jar;D:\JavaDevTools\jdk\jdk1.8.0_131\jre\lib\jfxswt.jar;D:\JavaDevTools\jdk\jdk1.8.0_131\jre\lib\jsse.jar;D:\JavaDevTools\jdk\jdk1.8.0_131\jre\lib\management-agent.jar;D:\JavaDevTools\jdk\jdk1.8.0_131\jre\lib\plugin.jar;D:\JavaDevTools\jdk\jdk1.8.0_131\jre\lib\resources.jar;D:\JavaDevTools\jdk\jdk1.8.0_131\jre\lib\rt.jar;E:\springbootProjWorkSpace\seckill-demo\target\classes;D:\JavaDevelopSoftware\dev\repository\org\springframework\boot\spring-boot-starter-thymeleaf\2.7.5\spring-boot-starter-thymeleaf-2.7.5.jar;D:\JavaDevelopSoftware\dev\repository\org\springframework\boot\spring-boot-starter\2.7.5\spring-boot-starter-2.7.5.jar;D:\JavaDevelopSoftware\dev\repository\org\springframework\boot\spring-boot\2.7.5\spring-boot-2.7.5.jar;D:\JavaDevelopSoftware\dev\repository\org\springframework\boot\spring-boot-starter-logging\2.7.5\spring-boot-starter-logging-2.7.5.jar;D:\JavaDevelopSoftware\dev\repository\ch\qos\logback\logback-classic\1.2.11\logback-classic-1.2.11.jar;D:\JavaDevelopSoftware\dev\repository\ch\
Launcher Type: SUN_STANDARD

Environment Variables:
JAVA_HOME=D:\JavaDevTools\jdk\jdk1.8.0_131
CLASSPATH=.;D:\JavaDevTools\jdk\jdk1.8.0_131\lib\dt.jar;D:\JavaDevTools\jdk\jdk1.8.0_131\lib\tools.jar;
PATH=D:\virtualMachine\VMware\VMware Workstation\bin\;D:\JavaDevTools\Oracle\product\11.2.0\dbhome_1\bin;C:\Windows\system32;C:\Windows;C:\Windows\System32\Wbem;C:\Windows\System32\WindowsPowerShell\v1.0\;C:\Windows\System32\OpenSSH\;D:\JavaDevTools\jdk\jdk1.8.0_131\bin;D:\JavaDevTools\jdk\jdk1.8.0_131\jre\bin;D:\JavaDevTools\TortoiseGit\bin;D:\xShell\;C:\Users\asus\AppData\Local\Microsoft\WindowsApps;D:\JavaDevTools\idea\IntelliJ IDEA 2019.3.5\bin;;D:\Microsoft VS Code\bin;D:\JavaDevTools\goSdk\go\bin;D:\GoLand 2022.1\bin;;D:\JavaDevTools\goSdk\go\bin;D:\JavaDevTools\Git\bin;
USERNAME=asus
OS=Windows_NT
PROCESSOR_IDENTIFIER=Intel64 Family 6 Model 158 Stepping 13, GenuineIntel



---------------  S Y S T E M  ---------------

OS: Windows 10.0 , 64 bit Build 19041 (10.0.19041.2251)

CPU:total 12 (initial active 12) (6 cores per cpu, 2 threads per core) family 6 model 158 stepping 13, cmov, cx8, fxsr, mmx, sse, sse2, sse3, ssse3, sse4.1, sse4.2, popcnt, avx, avx2, aes, clmul, erms, 3dnowpref, lzcnt, ht, tsc, tscinvbit, bmi1, bmi2, adx

Memory: 4k page, physical 16625420k(2145836k free), swap 35825416k(5552k free)

vm_info: Java HotSpot(TM) 64-Bit Server VM (25.131-b11) for windows-amd64 JRE (1.8.0_131-b11), built on Mar 15 2017 01:23:53 by "java_re" with MS VC++ 10.0 (VS2010)

time: Wed Dec 14 21:16:44 2022
elapsed time: 0 seconds (0d 0h 0m 0s)

